<?xml version="1.0" encoding="UTF-8"?>
<!-- Generated by org.testng.reporters.JUnitReportReporter -->
<testsuite hostname="AFRID" failures="0" tests="1" name="webForm_Project.WebForm" time="0.074" errors="0" timestamp="2025-05-03T09:20:25 IST" skipped="0">
  <testcase classname="webForm_Project.WebForm" name="color_pick" time="0.074"/>
</testsuite> <!-- webForm_Project.WebForm -->
